c:\users\pasy-\source\repos\mazefinalproject\mazefinalproject\x64\debug\vc143.pdb
c:\users\pasy-\source\repos\mazefinalproject\mazefinalproject\x64\debug\vc143.idb
c:\users\pasy-\source\repos\mazefinalproject\mazefinalproject\x64\debug\game_object.obj
c:\users\pasy-\source\repos\mazefinalproject\mazefinalproject\x64\debug\game_level.obj
c:\users\pasy-\source\repos\mazefinalproject\mazefinalproject\x64\debug\audio_manager.obj
c:\users\pasy-\source\repos\mazefinalproject\mazefinalproject\x64\debug\mazefinalproject.obj
c:\users\pasy-\source\repos\mazefinalproject\x64\debug\mazefinalproject.exe
c:\users\pasy-\source\repos\mazefinalproject\x64\debug\mazefinalproject.pdb
c:\users\pasy-\source\repos\mazefinalproject\x64\debug\sfml-audio-d-3.dll
c:\users\pasy-\source\repos\mazefinalproject\x64\debug\sfml-system-d-3.dll
c:\users\pasy-\source\repos\mazefinalproject\x64\debug\vorbis.dll
c:\users\pasy-\source\repos\mazefinalproject\x64\debug\ogg.dll
c:\users\pasy-\source\repos\mazefinalproject\x64\debug\vorbisfile.dll
c:\users\pasy-\source\repos\mazefinalproject\x64\debug\vorbisenc.dll
c:\users\pasy-\source\repos\mazefinalproject\x64\debug\flac.dll
c:\users\pasy-\source\repos\mazefinalproject\mazefinalproject\x64\debug\mazefinalproject.ilk
c:\users\pasy-\source\repos\mazefinalproject\mazefinalproject\x64\debug\mazefinalproject.tlog\cl.command.1.tlog
c:\users\pasy-\source\repos\mazefinalproject\mazefinalproject\x64\debug\mazefinalproject.tlog\cl.items.tlog
c:\users\pasy-\source\repos\mazefinalproject\mazefinalproject\x64\debug\mazefinalproject.tlog\cl.read.1.tlog
c:\users\pasy-\source\repos\mazefinalproject\mazefinalproject\x64\debug\mazefinalproject.tlog\cl.write.1.tlog
c:\users\pasy-\source\repos\mazefinalproject\mazefinalproject\x64\debug\mazefinalproject.tlog\link.command.1.tlog
c:\users\pasy-\source\repos\mazefinalproject\mazefinalproject\x64\debug\mazefinalproject.tlog\link.read.1.tlog
c:\users\pasy-\source\repos\mazefinalproject\mazefinalproject\x64\debug\mazefinalproject.tlog\link.secondary.1.tlog
c:\users\pasy-\source\repos\mazefinalproject\mazefinalproject\x64\debug\mazefinalproject.tlog\link.write.1.tlog
c:\users\pasy-\source\repos\mazefinalproject\mazefinalproject\x64\debug\mazefinalproject.tlog\mazefinalproject.write.1u.tlog
